<?xml version="1.0" encoding="UTF-8"?>
<!-- Generated by org.testng.reporters.JUnitReportReporter -->
<testsuite hostname="DESKTOP-FE1KQ1O" failures="0" tests="3" name="TestSuites.TestCases" time="114.330" errors="0" timestamp="28 Mar 2022 07:59:37 GMT" skipped="0">
  <testcase classname="TestSuites.TestCases" name="hospitalNames" time="89.728"/>
  <testcase classname="TestSuites.TestCases" name="TopCities" time="6.817"/>
  <testcase classname="TestSuites.TestCases" name="CaptureAlert" time="17.785"/>
</testsuite> <!-- TestSuites.TestCases -->
